Build started 12/18/2017 3:02:05 PM.
     1>Project "C:\Users\Ahmad\Desktop\study\OBJ-EX\practice\Practice_6_Sol\Practice_6_Sol\Practice_6_Sol.vcxproj" on node 2 (build target(s)).
     1>PrepareForBuild:
         Creating directory "C:\Users\Ahmad\Desktop\study\OBJ-EX\practice\Practice_6_Sol\Debug\".
       InitializeBuildStatus:
         Creating "Debug\Practice_6_Sol.unsuccessfulbuild" because "AlwaysCreate" was specified.
       ClCompile:
         d:\Microsoft Visual Studio 10.0\VC\bin\CL.exe /c /ZI /nologo /W3 /WX- /Od /Oy- /D WIN32 /D _DEBUG /D _CONSOLE /D _UNICODE /D UNICODE /Gm /EHsc /RTC1 /MDd /GS /fp:precise /Zc:wchar_t /Zc:forScope /Fo"Debug\\" /Fd"Debug\vc100.pdb" /Gd /TP /analyze- /errorReport:prompt car.cpp
         car.cpp
       ManifestResourceCompile:
         C:\Program Files (x86)\Microsoft SDKs\Windows\v7.0A\bin\rc.exe /nologo /fo"Debug\Practice_6_Sol.exe.embed.manifest.res" Debug\Practice_6_Sol_manifest.rc 
       Link:
         d:\Microsoft Visual Studio 10.0\VC\bin\link.exe /ERRORREPORT:PROMPT /OUT:"C:\Users\Ahmad\Desktop\study\OBJ-EX\practice\Practice_6_Sol\Debug\Practice_6_Sol.exe" /INCREMENTAL /NOLOGO kernel32.lib user32.lib gdi32.lib winspool.lib comdlg32.lib advapi32.lib shell32.lib ole32.lib oleaut32.lib uuid.lib odbc32.lib odbccp32.lib /MANIFEST /ManifestFile:"Debug\Practice_6_Sol.exe.intermediate.manifest" /MANIFESTUAC:"level='asInvoker' uiAccess='false'" /DEBUG /PDB:"C:\Users\Ahmad\Desktop\study\OBJ-EX\practice\Practice_6_Sol\Debug\Practice_6_Sol.pdb" /SUBSYSTEM:CONSOLE /TLBID:1 /DYNAMICBASE /NXCOMPAT /IMPLIB:"C:\Users\Ahmad\Desktop\study\OBJ-EX\practice\Practice_6_Sol\Debug\Practice_6_Sol.lib" /MACHINE:X86 Debug\Practice_6_Sol.exe.embed.manifest.res
         Debug\car.obj
       Manifest:
         C:\Program Files (x86)\Microsoft SDKs\Windows\v7.0A\bin\mt.exe /nologo /verbose /out:"Debug\Practice_6_Sol.exe.embed.manifest" /manifest Debug\Practice_6_Sol.exe.intermediate.manifest
         C:\Program Files (x86)\Microsoft SDKs\Windows\v7.0A\bin\rc.exe /nologo /fo"Debug\Practice_6_Sol.exe.embed.manifest.res" Debug\Practice_6_Sol_manifest.rc 
       LinkEmbedManifest:
         d:\Microsoft Visual Studio 10.0\VC\bin\link.exe /ERRORREPORT:PROMPT /OUT:"C:\Users\Ahmad\Desktop\study\OBJ-EX\practice\Practice_6_Sol\Debug\Practice_6_Sol.exe" /INCREMENTAL /NOLOGO kernel32.lib user32.lib gdi32.lib winspool.lib comdlg32.lib advapi32.lib shell32.lib ole32.lib oleaut32.lib uuid.lib odbc32.lib odbccp32.lib /MANIFEST /ManifestFile:"Debug\Practice_6_Sol.exe.intermediate.manifest" /MANIFESTUAC:"level='asInvoker' uiAccess='false'" /DEBUG /PDB:"C:\Users\Ahmad\Desktop\study\OBJ-EX\practice\Practice_6_Sol\Debug\Practice_6_Sol.pdb" /SUBSYSTEM:CONSOLE /TLBID:1 /DYNAMICBASE /NXCOMPAT /IMPLIB:"C:\Users\Ahmad\Desktop\study\OBJ-EX\practice\Practice_6_Sol\Debug\Practice_6_Sol.lib" /MACHINE:X86 Debug\Practice_6_Sol.exe.embed.manifest.res
         Debug\car.obj
         Practice_6_Sol.vcxproj -> C:\Users\Ahmad\Desktop\study\OBJ-EX\practice\Practice_6_Sol\Debug\Practice_6_Sol.exe
       FinalizeBuildStatus:
         Deleting file "Debug\Practice_6_Sol.unsuccessfulbuild".
         Touching "Debug\Practice_6_Sol.lastbuildstate".
     1>Done Building Project "C:\Users\Ahmad\Desktop\study\OBJ-EX\practice\Practice_6_Sol\Practice_6_Sol\Practice_6_Sol.vcxproj" (build target(s)).

Build succeeded.

Time Elapsed 00:00:01.79
