Build started 12/10/2017 7:22:32 PM.
     1>Project "C:\Users\Ahmad\Downloads\PostLap8_AhmadMahameed\PostLap8_AhmadMahameed\PostLap8_AhmadMahameed\PostLap8_AhmadMahameed.vcxproj" on node 2 (build target(s)).
     1>InitializeBuildStatus:
         Creating "Debug\PostLap8_AhmadMahameed.unsuccessfulbuild" because "AlwaysCreate" was specified.
       ClCompile:
         d:\Microsoft Visual Studio 10.0\VC\bin\CL.exe /c /ZI /nologo /W3 /WX- /Od /Oy- /D WIN32 /D _DEBUG /D _CONSOLE /D _UNICODE /D UNICODE /Gm /EHsc /RTC1 /MDd /GS /fp:precise /Zc:wchar_t /Zc:forScope /Fo"Debug\\" /Fd"Debug\vc100.pdb" /Gd /TP /analyze- /errorReport:prompt PostLap8_AhmadMahameed.cpp
         PostLap8_AhmadMahameed.cpp
       ManifestResourceCompile:
         All outputs are up-to-date.
       Link:
         d:\Microsoft Visual Studio 10.0\VC\bin\link.exe /ERRORREPORT:PROMPT /OUT:"C:\Users\Ahmad\Downloads\PostLap8_AhmadMahameed\PostLap8_AhmadMahameed\Debug\PostLap8_AhmadMahameed.exe" /INCREMENTAL /NOLOGO kernel32.lib user32.lib gdi32.lib winspool.lib comdlg32.lib advapi32.lib shell32.lib ole32.lib oleaut32.lib uuid.lib odbc32.lib odbccp32.lib /MANIFEST /ManifestFile:"Debug\PostLap8_AhmadMahameed.exe.intermediate.manifest" /MANIFESTUAC:"level='asInvoker' uiAccess='false'" /DEBUG /PDB:"C:\Users\Ahmad\Downloads\PostLap8_AhmadMahameed\PostLap8_AhmadMahameed\Debug\PostLap8_AhmadMahameed.pdb" /SUBSYSTEM:CONSOLE /TLBID:1 /DYNAMICBASE /NXCOMPAT /IMPLIB:"C:\Users\Ahmad\Downloads\PostLap8_AhmadMahameed\PostLap8_AhmadMahameed\Debug\PostLap8_AhmadMahameed.lib" /MACHINE:X86 Debug\PostLap8_AhmadMahameed.exe.embed.manifest.res
         Debug\PostLap8_AhmadMahameed.obj
       Manifest:
         C:\Program Files (x86)\Microsoft SDKs\Windows\v7.0A\bin\mt.exe /nologo /verbose /out:"Debug\PostLap8_AhmadMahameed.exe.embed.manifest" /manifest Debug\PostLap8_AhmadMahameed.exe.intermediate.manifest
         All outputs are up-to-date.
       LinkEmbedManifest:
         All outputs are up-to-date.
         PostLap8_AhmadMahameed.vcxproj -> C:\Users\Ahmad\Downloads\PostLap8_AhmadMahameed\PostLap8_AhmadMahameed\Debug\PostLap8_AhmadMahameed.exe
       FinalizeBuildStatus:
         Deleting file "Debug\PostLap8_AhmadMahameed.unsuccessfulbuild".
         Touching "Debug\PostLap8_AhmadMahameed.lastbuildstate".
     1>Done Building Project "C:\Users\Ahmad\Downloads\PostLap8_AhmadMahameed\PostLap8_AhmadMahameed\PostLap8_AhmadMahameed\PostLap8_AhmadMahameed.vcxproj" (build target(s)).

Build succeeded.

Time Elapsed 00:00:01.01
