Build started 11/8/2017 1:15:38 AM.
     1>Project "C:\Users\Ahmad\Desktop\Ahmad_AlMahameed_Post_Lap_4\Ahmad_AlMahameed_Post_Lap_4\Ahmad_AlMahameed_Post_Lap_4.vcxproj" on node 2 (build target(s)).
     1>InitializeBuildStatus:
         Creating "Debug\Ahmad_AlMahameed_Post_Lap_4.unsuccessfulbuild" because "AlwaysCreate" was specified.
       ClCompile:
         D:\Microsoft Visual Studio 10.0\VC\bin\CL.exe /c /ZI /nologo /W3 /WX- /Od /Oy- /D WIN32 /D _DEBUG /D _CONSOLE /D _UNICODE /D UNICODE /Gm /EHsc /RTC1 /MDd /GS /fp:precise /Zc:wchar_t /Zc:forScope /Fo"Debug\\" /Fd"Debug\vc100.pdb" /Gd /TP /analyze- /errorReport:prompt main.cpp
         main.cpp
       ManifestResourceCompile:
         All outputs are up-to-date.
       Link:
         D:\Microsoft Visual Studio 10.0\VC\bin\link.exe /ERRORREPORT:PROMPT /OUT:"C:\Users\Ahmad\Desktop\Ahmad_AlMahameed_Post_Lap_4\Debug\Ahmad_AlMahameed_Post_Lap_4.exe" /INCREMENTAL /NOLOGO kernel32.lib user32.lib gdi32.lib winspool.lib comdlg32.lib advapi32.lib shell32.lib ole32.lib oleaut32.lib uuid.lib odbc32.lib odbccp32.lib /MANIFEST /ManifestFile:"Debug\Ahmad_AlMahameed_Post_Lap_4.exe.intermediate.manifest" /MANIFESTUAC:"level='asInvoker' uiAccess='false'" /DEBUG /PDB:"C:\Users\Ahmad\Desktop\Ahmad_AlMahameed_Post_Lap_4\Debug\Ahmad_AlMahameed_Post_Lap_4.pdb" /SUBSYSTEM:CONSOLE /TLBID:1 /DYNAMICBASE /NXCOMPAT /IMPLIB:"C:\Users\Ahmad\Desktop\Ahmad_AlMahameed_Post_Lap_4\Debug\Ahmad_AlMahameed_Post_Lap_4.lib" /MACHINE:X86 Debug\Ahmad_AlMahameed_Post_Lap_4.exe.embed.manifest.res
         Debug\bookimp.obj
         Debug\main.obj
       Manifest:
         C:\Program Files (x86)\Microsoft SDKs\Windows\v7.0A\bin\mt.exe /nologo /verbose /out:"Debug\Ahmad_AlMahameed_Post_Lap_4.exe.embed.manifest" /manifest Debug\Ahmad_AlMahameed_Post_Lap_4.exe.intermediate.manifest
         All outputs are up-to-date.
       LinkEmbedManifest:
         All outputs are up-to-date.
         Ahmad_AlMahameed_Post_Lap_4.vcxproj -> C:\Users\Ahmad\Desktop\Ahmad_AlMahameed_Post_Lap_4\Debug\Ahmad_AlMahameed_Post_Lap_4.exe
       FinalizeBuildStatus:
         Deleting file "Debug\Ahmad_AlMahameed_Post_Lap_4.unsuccessfulbuild".
         Touching "Debug\Ahmad_AlMahameed_Post_Lap_4.lastbuildstate".
     1>Done Building Project "C:\Users\Ahmad\Desktop\Ahmad_AlMahameed_Post_Lap_4\Ahmad_AlMahameed_Post_Lap_4\Ahmad_AlMahameed_Post_Lap_4.vcxproj" (build target(s)).

Build succeeded.

Time Elapsed 00:00:00.82
